2022-01-24 18:33:57,575 - INFO - Старт программы
2022-01-24 18:33:57,575 - INFO - вывести текущую директорию
2022-01-24 18:33:57,575 - INFO - D:\PyProject - Текущая деректория
2022-01-24 18:33:57,575 - INFO - ['2020-1-4.txt', '2020-11-2.txt', '2020-3-13.txt', '2020-7-22.txt', '2020-8-8.txt', '2021-12-18.txt', '2022-11-15.txt', '2022-12-23.txt', '2022-3-15.txt', '2022-9-20.txt'] - Все папки и файлы
2022-01-24 18:33:57,575 - DEBUG - файл:2020-1-4.txt
2022-01-24 18:33:57,575 - DEBUG - ['2020', '1', '4.txt'] элементы пути файла с его именем
2022-01-24 18:33:57,575 - DEBUG - directory/2020/1 полный путь к файлу
2022-01-24 18:33:57,575 - INFO - создание новой папки с проверкой
2022-01-24 18:33:57,575 - INFO - 2020-1-4.txt переименовать в файл с коротким именем
2022-01-24 18:33:57,575 - INFO - 4.txt переместить этот файл в новый каталог
2022-01-24 18:33:57,590 - DEBUG - файл:2020-11-2.txt
2022-01-24 18:33:57,590 - DEBUG - ['2020', '11', '2.txt'] элементы пути файла с его именем
2022-01-24 18:33:57,590 - DEBUG - directory/2020/11 полный путь к файлу
2022-01-24 18:33:57,590 - INFO - создание новой папки с проверкой
2022-01-24 18:33:57,590 - INFO - 2020-11-2.txt переименовать в файл с коротким именем
2022-01-24 18:33:57,590 - INFO - 2.txt переместить этот файл в новый каталог
2022-01-24 18:33:57,590 - DEBUG - файл:2020-3-13.txt
2022-01-24 18:33:57,590 - DEBUG - ['2020', '3', '13.txt'] элементы пути файла с его именем
2022-01-24 18:33:57,590 - DEBUG - directory/2020/3 полный путь к файлу
2022-01-24 18:33:57,590 - INFO - создание новой папки с проверкой
2022-01-24 18:33:57,590 - INFO - 2020-3-13.txt переименовать в файл с коротким именем
2022-01-24 18:33:57,590 - INFO - 13.txt переместить этот файл в новый каталог
2022-01-24 18:33:57,590 - DEBUG - файл:2020-7-22.txt
2022-01-24 18:33:57,590 - DEBUG - ['2020', '7', '22.txt'] элементы пути файла с его именем
2022-01-24 18:33:57,590 - DEBUG - directory/2020/7 полный путь к файлу
2022-01-24 18:33:57,590 - INFO - создание новой папки с проверкой
2022-01-24 18:33:57,590 - INFO - 2020-7-22.txt переименовать в файл с коротким именем
2022-01-24 18:33:57,590 - INFO - 22.txt переместить этот файл в новый каталог
2022-01-24 18:33:57,590 - DEBUG - файл:2020-8-8.txt
2022-01-24 18:33:57,590 - DEBUG - ['2020', '8', '8.txt'] элементы пути файла с его именем
2022-01-24 18:33:57,590 - DEBUG - directory/2020/8 полный путь к файлу
2022-01-24 18:33:57,590 - INFO - создание новой папки с проверкой
2022-01-24 18:33:57,590 - INFO - 2020-8-8.txt переименовать в файл с коротким именем
2022-01-24 18:33:57,590 - INFO - 8.txt переместить этот файл в новый каталог
2022-01-24 18:33:57,590 - DEBUG - файл:2021-12-18.txt
2022-01-24 18:33:57,590 - DEBUG - ['2021', '12', '18.txt'] элементы пути файла с его именем
2022-01-24 18:33:57,590 - DEBUG - directory/2021/12 полный путь к файлу
2022-01-24 18:33:57,590 - INFO - создание новой папки с проверкой
2022-01-24 18:33:57,590 - INFO - 2021-12-18.txt переименовать в файл с коротким именем
2022-01-24 18:33:57,590 - INFO - 18.txt переместить этот файл в новый каталог
2022-01-24 18:33:57,590 - DEBUG - файл:2022-11-15.txt
2022-01-24 18:33:57,590 - DEBUG - ['2022', '11', '15.txt'] элементы пути файла с его именем
2022-01-24 18:33:57,590 - DEBUG - directory/2022/11 полный путь к файлу
2022-01-24 18:33:57,590 - INFO - создание новой папки с проверкой
2022-01-24 18:33:57,590 - INFO - 2022-11-15.txt переименовать в файл с коротким именем
2022-01-24 18:33:57,590 - INFO - 15.txt переместить этот файл в новый каталог
2022-01-24 18:33:57,590 - DEBUG - файл:2022-12-23.txt
2022-01-24 18:33:57,590 - DEBUG - ['2022', '12', '23.txt'] элементы пути файла с его именем
2022-01-24 18:33:57,590 - DEBUG - directory/2022/12 полный путь к файлу
2022-01-24 18:33:57,590 - INFO - создание новой папки с проверкой
2022-01-24 18:33:57,606 - INFO - 2022-12-23.txt переименовать в файл с коротким именем
2022-01-24 18:33:57,606 - INFO - 23.txt переместить этот файл в новый каталог
2022-01-24 18:33:57,606 - DEBUG - файл:2022-3-15.txt
2022-01-24 18:33:57,606 - DEBUG - ['2022', '3', '15.txt'] элементы пути файла с его именем
2022-01-24 18:33:57,606 - DEBUG - directory/2022/3 полный путь к файлу
2022-01-24 18:33:57,606 - INFO - создание новой папки с проверкой
2022-01-24 18:33:57,606 - INFO - 2022-3-15.txt переименовать в файл с коротким именем
2022-01-24 18:33:57,606 - INFO - 15.txt переместить этот файл в новый каталог
2022-01-24 18:33:57,606 - DEBUG - файл:2022-9-20.txt
2022-01-24 18:33:57,606 - DEBUG - ['2022', '9', '20.txt'] элементы пути файла с его именем
2022-01-24 18:33:57,606 - DEBUG - directory/2022/9 полный путь к файлу
2022-01-24 18:33:57,606 - INFO - создание новой папки с проверкой
2022-01-24 18:33:57,606 - INFO - 2022-9-20.txt переименовать в файл с коротким именем
2022-01-24 18:33:57,606 - INFO - 20.txt переместить этот файл в новый каталог
2022-01-24 18:44:57,671 - INFO - Старт программы
2022-01-24 18:44:57,672 - INFO - вывести текущую директорию
2022-01-24 18:44:57,672 - INFO - D:\pyBelHard\BelHard\HW6\PY-9 - Текущая деректория
2022-01-24 18:44:57,672 - INFO - ['2020-12-9.txt', '2020-4-25.txt', '2020-4-8.txt', '2020-5-21.txt', '2020-8-11.txt', '2021-10-9.txt', '2021-11-22.txt', '2022-2-7.txt', '2022-3-7.txt', '2022-4-12.txt'] - Все папки и файлы
2022-01-24 18:44:57,673 - DEBUG - файл:2020-12-9.txt
2022-01-24 18:44:57,673 - DEBUG - ['2020', '12', '9.txt'] элементы пути файла с его именем
2022-01-24 18:44:57,673 - DEBUG - directory/2020/12 полный путь к файлу
2022-01-24 18:44:57,673 - INFO - создание новой папки с проверкой
2022-01-24 18:44:57,674 - INFO - 2020-12-9.txt переименовать в файл с коротким именем
2022-01-24 18:44:57,674 - INFO - 9.txt переместить этот файл в новый каталог
2022-01-24 18:44:57,675 - DEBUG - файл:2020-4-25.txt
2022-01-24 18:44:57,675 - DEBUG - ['2020', '4', '25.txt'] элементы пути файла с его именем
2022-01-24 18:44:57,675 - DEBUG - directory/2020/4 полный путь к файлу
2022-01-24 18:44:57,675 - INFO - создание новой папки с проверкой
2022-01-24 18:44:57,676 - INFO - 2020-4-25.txt переименовать в файл с коротким именем
2022-01-24 18:44:57,676 - INFO - 25.txt переместить этот файл в новый каталог
2022-01-24 18:44:57,676 - DEBUG - файл:2020-4-8.txt
2022-01-24 18:44:57,677 - DEBUG - ['2020', '4', '8.txt'] элементы пути файла с его именем
2022-01-24 18:44:57,677 - DEBUG - directory/2020/4 полный путь к файлу
2022-01-24 18:44:57,677 - INFO - создание новой папки с проверкой
2022-01-24 18:44:57,677 - INFO - 2020-4-8.txt переименовать в файл с коротким именем
2022-01-24 18:44:57,677 - INFO - 8.txt переместить этот файл в новый каталог
2022-01-24 18:44:57,678 - DEBUG - файл:2020-5-21.txt
2022-01-24 18:44:57,678 - DEBUG - ['2020', '5', '21.txt'] элементы пути файла с его именем
2022-01-24 18:44:57,678 - DEBUG - directory/2020/5 полный путь к файлу
2022-01-24 18:44:57,678 - INFO - создание новой папки с проверкой
2022-01-24 18:44:57,679 - INFO - 2020-5-21.txt переименовать в файл с коротким именем
2022-01-24 18:44:57,679 - INFO - 21.txt переместить этот файл в новый каталог
2022-01-24 18:44:57,680 - DEBUG - файл:2020-8-11.txt
2022-01-24 18:44:57,680 - DEBUG - ['2020', '8', '11.txt'] элементы пути файла с его именем
2022-01-24 18:44:57,680 - DEBUG - directory/2020/8 полный путь к файлу
2022-01-24 18:44:57,680 - INFO - создание новой папки с проверкой
2022-01-24 18:44:57,680 - INFO - 2020-8-11.txt переименовать в файл с коротким именем
2022-01-24 18:44:57,681 - INFO - 11.txt переместить этот файл в новый каталог
2022-01-24 18:44:57,681 - DEBUG - файл:2021-10-9.txt
2022-01-24 18:44:57,681 - DEBUG - ['2021', '10', '9.txt'] элементы пути файла с его именем
2022-01-24 18:44:57,681 - DEBUG - directory/2021/10 полный путь к файлу
2022-01-24 18:44:57,682 - INFO - создание новой папки с проверкой
2022-01-24 18:44:57,682 - INFO - 2021-10-9.txt переименовать в файл с коротким именем
2022-01-24 18:44:57,683 - INFO - 9.txt переместить этот файл в новый каталог
2022-01-24 18:44:57,684 - DEBUG - файл:2021-11-22.txt
2022-01-24 18:44:57,684 - DEBUG - ['2021', '11', '22.txt'] элементы пути файла с его именем
2022-01-24 18:44:57,684 - DEBUG - directory/2021/11 полный путь к файлу
2022-01-24 18:44:57,684 - INFO - создание новой папки с проверкой
2022-01-24 18:44:57,685 - INFO - 2021-11-22.txt переименовать в файл с коротким именем
2022-01-24 18:44:57,685 - INFO - 22.txt переместить этот файл в новый каталог
2022-01-24 18:44:57,685 - DEBUG - файл:2022-2-7.txt
2022-01-24 18:44:57,686 - DEBUG - ['2022', '2', '7.txt'] элементы пути файла с его именем
2022-01-24 18:44:57,686 - DEBUG - directory/2022/2 полный путь к файлу
2022-01-24 18:44:57,686 - INFO - создание новой папки с проверкой
2022-01-24 18:44:57,687 - INFO - 2022-2-7.txt переименовать в файл с коротким именем
2022-01-24 18:44:57,687 - INFO - 7.txt переместить этот файл в новый каталог
2022-01-24 18:44:57,688 - DEBUG - файл:2022-3-7.txt
2022-01-24 18:44:57,688 - DEBUG - ['2022', '3', '7.txt'] элементы пути файла с его именем
2022-01-24 18:44:57,688 - DEBUG - directory/2022/3 полный путь к файлу
2022-01-24 18:44:57,688 - INFO - создание новой папки с проверкой
2022-01-24 18:44:57,688 - INFO - 2022-3-7.txt переименовать в файл с коротким именем
2022-01-24 18:44:57,689 - INFO - 7.txt переместить этот файл в новый каталог
2022-01-24 18:44:57,689 - DEBUG - файл:2022-4-12.txt
2022-01-24 18:44:57,689 - DEBUG - ['2022', '4', '12.txt'] элементы пути файла с его именем
2022-01-24 18:44:57,689 - DEBUG - directory/2022/4 полный путь к файлу
2022-01-24 18:44:57,689 - INFO - создание новой папки с проверкой
2022-01-24 18:44:57,690 - INFO - 2022-4-12.txt переименовать в файл с коротким именем
2022-01-24 18:44:57,691 - INFO - 12.txt переместить этот файл в новый каталог
